<?xml version="1.0" encoding="UTF-8"?>
<!-- Generated by org.testng.reporters.JUnitXMLReporter -->
<testsuite ignored="0" hostname="DESKTOP-IVPDQQL" failures="0" tests="3" name="Default test" time="46.174" errors="0" timestamp="2024-02-28T23:46:22 IST">
  <testcase classname="com.testcases.TC_002_LoginPage" name="loginpageTest" time="2.735"/>
  <testcase classname="com.testcases.TC_002_LoginPage" name="clickOnContentMangementTest" time="26.423"/>
  <testcase classname="com.testcases.TC_002_LoginPage" name="addContentTest" time="3.818"/>
</testsuite> <!-- Default test -->
