<?xml version="1.0" encoding="UTF-8"?>
<!-- Generated by org.testng.reporters.JUnitXMLReporter -->
<testsuite ignored="0" hostname="DESKTOP-IVPDQQL" failures="0" tests="3" name="ChromeTest" time="49.075" errors="0" timestamp="2024-02-29T00:33:12 IST">
  <testcase classname="com.testcases.TC_002_LoginPage" name="loginpageTest" time="2.652"/>
  <testcase classname="com.testcases.TC_002_LoginPage" name="clickOnContentMangementTest" time="29.343"/>
  <testcase classname="com.testcases.TC_002_LoginPage" name="addContentTest" time="4.01"/>
</testsuite> <!-- ChromeTest -->
