<?xml version="1.0" encoding="UTF-8"?>
<!-- Generated by org.testng.reporters.JUnitXMLReporter -->
<testsuite ignored="0" hostname="DESKTOP-IVPDQQL" failures="0" tests="3" name="EdgeTest" time="47.659" errors="0" timestamp="2024-02-29T00:34:00 IST">
  <testcase classname="com.testcases.TC_002_LoginPage" name="loginpageTest" time="3.053"/>
  <testcase classname="com.testcases.TC_002_LoginPage" name="clickOnContentMangementTest" time="25.385"/>
  <testcase classname="com.testcases.TC_002_LoginPage" name="addContentTest" time="5.117"/>
</testsuite> <!-- EdgeTest -->
