<?xml version="1.0" encoding="UTF-8"?>
<testng-results ignored="0" total="3" passed="2" failed="1" skipped="0">
  <reporter-output>
    <line>
      <![CDATA[suite level execution started]]>
    </line>
    <line>
      <![CDATA[testlevel execution]]>
    </line>
    <line>
      <![CDATA[content created successfully]]>
    </line>
  </reporter-output>
  <suite started-at="2024-02-29T11:16:30 IST" name="Suite" finished-at="2024-02-29T11:20:39 IST" duration-ms="248615">
    <groups>
    </groups>
    <test started-at="2024-02-29T11:16:30 IST" name="Test" finished-at="2024-02-29T11:20:39 IST" duration-ms="248615">
      <class name="com.testcases.TC_002_LoginPage">
        <test-method is-config="true" signature="suitLevelExecutionStarted()[pri:0, instance:com.testcases.TC_002_LoginPage@298a5e20]" started-at="2024-02-29T11:16:30 IST" name="suitLevelExecutionStarted" finished-at="2024-02-29T11:16:30 IST" duration-ms="21" status="PASS">
          <reporter-output>
            <line>
              <![CDATA[suite level execution started]]>
            </line>
          </reporter-output>
        </test-method> <!-- suitLevelExecutionStarted -->
        <test-method is-config="true" signature="testLevelExecutionStarted()[pri:0, instance:com.testcases.TC_002_LoginPage@298a5e20]" started-at="2024-02-29T11:16:31 IST" name="testLevelExecutionStarted" finished-at="2024-02-29T11:16:31 IST" duration-ms="0" status="PASS">
          <reporter-output>
            <line>
              <![CDATA[testlevel execution]]>
            </line>
          </reporter-output>
        </test-method> <!-- testLevelExecutionStarted -->
        <test-method is-config="true" signature="setup(java.lang.String)[pri:0, instance:com.testcases.TC_002_LoginPage@298a5e20]" started-at="2024-02-29T11:16:31 IST" name="setup" finished-at="2024-02-29T11:16:41 IST" duration-ms="10446" status="PASS">
          <params>
            <param index="0">
              <value>
                <![CDATA[chrome]]>
              </value>
            </param>
          </params>
          <reporter-output>
          </reporter-output>
        </test-method> <!-- setup -->
        <test-method signature="loginpageTest()[pri:0, instance:com.testcases.TC_002_LoginPage@298a5e20]" started-at="2024-02-29T11:16:41 IST" name="loginpageTest" finished-at="2024-02-29T11:16:48 IST" duration-ms="7146" status="PASS">
          <reporter-output>
          </reporter-output>
        </test-method> <!-- loginpageTest -->
        <test-method signature="clickOnContentMangementTest()[pri:0, instance:com.testcases.TC_002_LoginPage@298a5e20]" started-at="2024-02-29T11:16:48 IST" name="clickOnContentMangementTest" finished-at="2024-02-29T11:17:14 IST" depends-on-methods="com.testcases.TC_002_LoginPage.loginpageTest" duration-ms="25515" status="PASS">
          <reporter-output>
          </reporter-output>
        </test-method> <!-- clickOnContentMangementTest -->
        <test-method signature="addContentTest(java.lang.String,java.lang.String,java.lang.String,java.lang.String)[pri:0, instance:com.testcases.TC_002_LoginPage@298a5e20]" started-at="2024-02-29T11:17:15 IST" name="addContentTest" data-provider="logindata" finished-at="2024-02-29T11:20:38 IST" depends-on-methods="com.testcases.TC_002_LoginPage.clickOnContentMangementTest" duration-ms="202895" status="FAIL">
          <params>
            <param index="0">
              <value>
                <![CDATA[My 1st Content]]>
              </value>
            </param>
            <param index="1">
              <value>
                <![CDATA[sid]]>
              </value>
            </param>
            <param index="2">
              <value>
                <![CDATA[This is my 1st story]]>
              </value>
            </param>
            <param index="3">
              <value>
                <![CDATA[@sid]]>
              </value>
            </param>
          </params>
          <exception class="org.openqa.selenium.TimeoutException">
            <message>
              <![CDATA[Expected condition failed: waiting for visibility of [[ChromeDriver: chrome on windows (fc5485d0286c75beb6ec74444ca38118)] -> xpath: //div[contains(text(),'Logout')]] (tried for 30 second(s) with 500 milliseconds interval)
Build info: version: '4.15.0', revision: '1d14b5521b'
System info: os.name: 'Windows 10', os.arch: 'amd64', os.version: '10.0', java.version: '16.0.1'
Driver info: org.openqa.selenium.chrome.ChromeDriver
Capabilities {acceptInsecureCerts: false, browserName: chrome, browserVersion: 121.0.6167.189, chrome: {chromedriverVersion: 121.0.6167.184 (057a8ae7deb..., userDataDir: C:\Users\HP\AppData\Local\T...}, fedcm:accounts: true, goog:chromeOptions: {debuggerAddress: localhost:50599}, networkConnectionEnabled: false, pageLoadStrategy: normal, platformName: windows, proxy: Proxy(), se:cdp: ws://localhost:50599/devtoo..., se:cdpVersion: 121.0.6167.189, setWindowRect: true, strictFileInteractability: false, timeouts: {implicit: 0, pageLoad: 300000, script: 30000}, unhandledPromptBehavior: dismiss and notify, webauthn:extension:credBlob: true, webauthn:extension:largeBlob: true, webauthn:extension:minPinLength: true, webauthn:extension:prf: true, webauthn:virtualAuthenticators: true}
Session ID: fc5485d0286c75beb6ec74444ca38118]]>
            </message>
            <full-stacktrace>
              <![CDATA[org.openqa.selenium.TimeoutException: Expected condition failed: waiting for visibility of [[ChromeDriver: chrome on windows (fc5485d0286c75beb6ec74444ca38118)] -> xpath: //div[contains(text(),'Logout')]] (tried for 30 second(s) with 500 milliseconds interval)
Build info: version: '4.15.0', revision: '1d14b5521b'
System info: os.name: 'Windows 10', os.arch: 'amd64', os.version: '10.0', java.version: '16.0.1'
Driver info: org.openqa.selenium.chrome.ChromeDriver
Capabilities {acceptInsecureCerts: false, browserName: chrome, browserVersion: 121.0.6167.189, chrome: {chromedriverVersion: 121.0.6167.184 (057a8ae7deb..., userDataDir: C:\Users\HP\AppData\Local\T...}, fedcm:accounts: true, goog:chromeOptions: {debuggerAddress: localhost:50599}, networkConnectionEnabled: false, pageLoadStrategy: normal, platformName: windows, proxy: Proxy(), se:cdp: ws://localhost:50599/devtoo..., se:cdpVersion: 121.0.6167.189, setWindowRect: true, strictFileInteractability: false, timeouts: {implicit: 0, pageLoad: 300000, script: 30000}, unhandledPromptBehavior: dismiss and notify, webauthn:extension:credBlob: true, webauthn:extension:largeBlob: true, webauthn:extension:minPinLength: true, webauthn:extension:prf: true, webauthn:virtualAuthenticators: true}
Session ID: fc5485d0286c75beb6ec74444ca38118
at org.openqa.selenium.support.ui.WebDriverWait.timeoutException(WebDriverWait.java:84)
at org.openqa.selenium.support.ui.FluentWait.until(FluentWait.java:229)
at com.generics.BasePage.clickOnElement(BasePage.java:49)
at com.pageobjects.AddContent.validateContentlist(AddContent.java:209)
at com.testcases.TC_002_LoginPage.addContentTest(TC_002_LoginPage.java:67)
at java.base/jdk.internal.reflect.NativeMethodAccessorImpl.invoke0(Native Method)
at java.base/jdk.internal.reflect.NativeMethodAccessorImpl.invoke(NativeMethodAccessorImpl.java:78)
at java.base/jdk.internal.reflect.DelegatingMethodAccessorImpl.invoke(DelegatingMethodAccessorImpl.java:43)
at java.base/java.lang.reflect.Method.invoke(Method.java:567)
at org.testng.internal.invokers.MethodInvocationHelper.invokeMethod(MethodInvocationHelper.java:139)
at org.testng.internal.invokers.TestInvoker.invokeMethod(TestInvoker.java:664)
at org.testng.internal.invokers.TestInvoker.invokeTestMethod(TestInvoker.java:227)
at org.testng.internal.invokers.MethodRunner.runInSequence(MethodRunner.java:50)
at org.testng.internal.invokers.TestInvoker$MethodInvocationAgent.invoke(TestInvoker.java:957)
at org.testng.internal.invokers.TestInvoker.invokeTestMethods(TestInvoker.java:200)
at org.testng.internal.invokers.TestMethodWorker.invokeTestMethods(TestMethodWorker.java:148)
at org.testng.internal.invokers.TestMethodWorker.run(TestMethodWorker.java:128)
at java.base/java.util.ArrayList.forEach(ArrayList.java:1511)
at org.testng.TestRunner.privateRun(TestRunner.java:848)
at org.testng.TestRunner.run(TestRunner.java:621)
at org.testng.SuiteRunner.runTest(SuiteRunner.java:443)
at org.testng.SuiteRunner.runSequentially(SuiteRunner.java:437)
at org.testng.SuiteRunner.privateRun(SuiteRunner.java:397)
at org.testng.SuiteRunner.run(SuiteRunner.java:336)
at org.testng.SuiteRunnerWorker.runSuite(SuiteRunnerWorker.java:52)
at org.testng.SuiteRunnerWorker.run(SuiteRunnerWorker.java:95)
at org.testng.TestNG.runSuitesSequentially(TestNG.java:1280)
at org.testng.TestNG.runSuitesLocally(TestNG.java:1200)
at org.testng.TestNG.runSuites(TestNG.java:1114)
at org.testng.TestNG.run(TestNG.java:1082)
at org.testng.remote.AbstractRemoteTestNG.run(AbstractRemoteTestNG.java:115)
at org.testng.remote.RemoteTestNG.initAndRun(RemoteTestNG.java:251)
at org.testng.remote.RemoteTestNG.main(RemoteTestNG.java:77)
]]>
            </full-stacktrace>
          </exception> <!-- org.openqa.selenium.TimeoutException -->
          <reporter-output>
            <line>
              <![CDATA[content created successfully]]>
            </line>
          </reporter-output>
        </test-method> <!-- addContentTest -->
        <test-method is-config="true" signature="teardown()[pri:0, instance:com.testcases.TC_002_LoginPage@298a5e20]" started-at="2024-02-29T11:20:39 IST" name="teardown" finished-at="2024-02-29T11:20:39 IST" duration-ms="1" status="PASS">
          <reporter-output>
          </reporter-output>
        </test-method> <!-- teardown -->
      </class> <!-- com.testcases.TC_002_LoginPage -->
    </test> <!-- Test -->
  </suite> <!-- Suite -->
</testng-results>
